0	1	mikroCPIC1618.exe -MSF -DBG -pP16F887 -DL -O11111114 -fo8 -N"E:\PROGAMS\hussian\SolarTimer\SolarTimer.mcppi" -SP"C:\Users\Public\Documents\Mikroelektronika\mikroC PRO for PIC\Defs\" -SP"C:\Users\Public\Documents\Mikroelektronika\mikroC PRO for PIC\Uses\P16\" -SP"E:\PROGAMS\hussian\SolarTimer\" -SP"E:\PROGAMS\hussian\SolarTimer\" -SP"E:\PROGAMS\hussian\SolarTimer\" -IP"E:\PROGAMS\hussian\SolarTimer\" "SolarTimer.c" "adc.c" "lcd.c" "Menu.c" "rtc.c" "tmr1.c" "eeprom.c" "__Lib_Math.mcl" "__Lib_MathDouble.mcl" "__Lib_System.mcl" "__Lib_Delays.mcl" "__Lib_CString.mcl" "__Lib_Button.mcl" "__Lib_ADC_88X.mcl" "__Lib_EEPROM.mcl" "__Lib_I2C_c34.mcl" "__Lib_LcdConsts.mcl" "__Lib_Lcd.mcl"	 
hint: 0	1139	Available RAM: 352 [bytes], Available ROM: 8192 [bytes]	 
diagnostics: 0	122	Compilation Started	deff.h
diagnostics: 45	123	Compiled Successfully	SolarTimer.c
diagnostics: 0	122	Compilation Started	adc.c
diagnostics: 24	123	Compiled Successfully	adc.c
diagnostics: 0	122	Compilation Started	lcd.c
diagnostics: 172	123	Compiled Successfully	lcd.c
hint: 56	1164	Variable 't1' has been eliminated by optimizer	lcd.c
hint: 56	1164	Variable 't2' has been eliminated by optimizer	lcd.c
hint: 57	1164	Variable 't3' has been eliminated by optimizer	lcd.c
hint: 75	1164	Variable 'r' has been eliminated by optimizer	lcd.c
hint: 75	1164	Variable 't' has been eliminated by optimizer	lcd.c
diagnostics: 0	122	Compilation Started	Menu.c
diagnostics: 125	123	Compiled Successfully	Menu.c
hint: 91	1164	Variable 'val2' has been eliminated by optimizer	Menu.c
diagnostics: 0	122	Compilation Started	rtc.c
diagnostics: 109	123	Compiled Successfully	rtc.c
diagnostics: 0	122	Compilation Started	tmr1.c
diagnostics: 16	123	Compiled Successfully	tmr1.c
diagnostics: 0	122	Compilation Started	eeprom.c
diagnostics: 48	123	Compiled Successfully	eeprom.c
diagnostics: 0	127	All files Compiled in 140 ms	 
hint: 0	1144	Used RAM (bytes): 112 (32%)  Free RAM (bytes): 240 (68%)	Used RAM (bytes): 112 (32%)  Free RAM (bytes): 240 (68%)
hint: 0	1144	Used ROM (program words): 1667 (20%)  Free ROM (program words): 6525 (80%)	Used ROM (program words): 1667 (20%)  Free ROM (program words): 6525 (80%)
diagnostics: 0	125	Project Linked Successfully	SolarTimer.mcppi
diagnostics: 0	128	Linked in 31 ms	 
diagnostics: 0	129	Project 'SolarTimer.mcppi' completed: 187 ms	 
diagnostics: 0	103	Finished successfully: 05 Oct 2016, 22:08:22	SolarTimer.mcppi
