;  LST file generated by mikroListExporter - v.2.0 
; Date/Time: 10/17/2016 10:26:44 PM
;----------------------------------------------

;Address Opcode 	ASM
0x0000	0x29F3      	GOTO       499
_interrupt:
0x0004	0x00FF      	MOVWF      R15
0x0005	0x0E03      	SWAPF      STATUS, 0
0x0006	0x0183      	CLRF       STATUS
0x0007	0x00AE      	MOVWF      ___saveSTATUS
0x0008	0x080A      	MOVF       PCLATH, 0
0x0009	0x00D1      	MOVWF      ___savePCLATH
0x000A	0x018A      	CLRF       PCLATH
0x000B	0x0870      	MOVF       R0, 0
0x000C	0x00A0      	MOVWF      32
;SolarTimer.c,20 :: 		void interrupt()
;SolarTimer.c,27 :: 		if(PIR1.TMR1IF)
0x000D	0x1C0C      	BTFSS      PIR1, 0
0x000E	0x281E      	GOTO       L_interrupt0
;SolarTimer.c,29 :: 		PIR1.TMR1IF=0;
0x000F	0x100C      	BCF        PIR1, 0
;SolarTimer.c,32 :: 		dispUpdateCount++;
0x0010	0x0AA1      	INCF       _dispUpdateCount, 1
0x0011	0x1903      	BTFSC      STATUS, 2
0x0012	0x0AA2      	INCF       _dispUpdateCount+1, 1
;SolarTimer.c,33 :: 		if (dispUpdateCount > 2){
0x0013	0x0822      	MOVF       _dispUpdateCount+1, 0
0x0014	0x3C00      	SUBLW      0
0x0015	0x1D03      	BTFSS      STATUS, 2
0x0016	0x2819      	GOTO       L__interrupt20
0x0017	0x0821      	MOVF       _dispUpdateCount, 0
0x0018	0x3C02      	SUBLW      2
L__interrupt20:
0x0019	0x1803      	BTFSC      STATUS, 0
0x001A	0x281E      	GOTO       L_interrupt1
;SolarTimer.c,34 :: 		shouldLoadDisp = 1;
0x001B	0x142B      	BSF        _pgmStatus, 0
;SolarTimer.c,35 :: 		dispUpdateCount = 0;
0x001C	0x01A1      	CLRF       _dispUpdateCount
0x001D	0x01A2      	CLRF       _dispUpdateCount+1
;SolarTimer.c,36 :: 		}
L_interrupt1:
;SolarTimer.c,37 :: 		}
L_interrupt0:
;SolarTimer.c,38 :: 		}
L_end_interrupt:
L__interrupt19:
0x001E	0x0820      	MOVF       32, 0
0x001F	0x00F0      	MOVWF      R0
0x0020	0x0851      	MOVF       ___savePCLATH, 0
0x0021	0x008A      	MOVWF      PCLATH
0x0022	0x0E2E      	SWAPF      ___saveSTATUS, 0
0x0023	0x0083      	MOVWF      STATUS
0x0024	0x0EFF      	SWAPF      R15, 1
0x0025	0x0E7F      	SWAPF      R15, 0
0x0026	0x0009      	RETFIE
; end of _interrupt
_Delay_50us:
;__Lib_Delays.c,19 :: 		void Delay_50us() {
;__Lib_Delays.c,20 :: 		Delay_us(50);
0x0027	0x3021      	MOVLW      33
0x0028	0x1283      	BCF        STATUS, 5
0x0029	0x1303      	BCF        STATUS, 6
0x002A	0x00FD      	MOVWF      R13
L_Delay_50us2:
0x002B	0x0BFD      	DECFSZ     R13, 1
0x002C	0x282B      	GOTO       L_Delay_50us2
;__Lib_Delays.c,21 :: 		}
L_end_Delay_50us:
0x002D	0x0008      	RETURN
; end of _Delay_50us
_Delay_5500us:
;__Lib_Delays.c,31 :: 		void Delay_5500us() {
;__Lib_Delays.c,32 :: 		Delay_us(5500);
0x002E	0x300F      	MOVLW      15
0x002F	0x1283      	BCF        STATUS, 5
0x0030	0x1303      	BCF        STATUS, 6
0x0031	0x00FC      	MOVWF      R12
0x0032	0x3047      	MOVLW      71
0x0033	0x00FD      	MOVWF      R13
L_Delay_5500us5:
0x0034	0x0BFD      	DECFSZ     R13, 1
0x0035	0x2834      	GOTO       L_Delay_5500us5
0x0036	0x0BFC      	DECFSZ     R12, 1
0x0037	0x2834      	GOTO       L_Delay_5500us5
0x0038	0x0000      	NOP
0x0039	0x0000      	NOP
;__Lib_Delays.c,33 :: 		}
L_end_Delay_5500us:
0x003A	0x0008      	RETURN
; end of _Delay_5500us
_Delay_1us:
;__Lib_Delays.c,7 :: 		void Delay_1us() {
;__Lib_Delays.c,8 :: 		Delay_us(1);
0x003B	0x0000      	NOP
0x003C	0x0000      	NOP
;__Lib_Delays.c,9 :: 		}
L_end_Delay_1us:
0x003D	0x0008      	RETURN
; end of _Delay_1us
_____DoICP:
;__Lib_System.c,6 :: 		
;__Lib_System.c,9 :: 		
0x003E	0x1283      	BCF        STATUS, 5
0x003F	0x1303      	BCF        STATUS, 6
0x0040	0x082D      	MOVF       ___DoICPAddr+1, 0
0x0041	0x008A      	MOVWF      PCLATH
;__Lib_System.c,10 :: 		
0x0042	0x082C      	MOVF       ___DoICPAddr, 0
0x0043	0x0082      	MOVWF      PCL
;__Lib_System.c,12 :: 		
L_end_____DoICP:
0x0044	0x0008      	RETURN
; end of _____DoICP
_strcpy:
;__Lib_CString.c,126 :: 		
;__Lib_CString.c,129 :: 		
0x0045	0x1683      	BSF        STATUS, 5
0x0046	0x1303      	BCF        STATUS, 6
0x0047	0x082B      	MOVF       FARG_strcpy_to, 0
0x0048	0x00F2      	MOVWF      R2
;__Lib_CString.c,130 :: 		
L_strcpy34:
0x0049	0x0872      	MOVF       R2, 0
0x004A	0x00F1      	MOVWF      R1
0x004B	0x0AF2      	INCF       R2, 1
0x004C	0x082C      	MOVF       FARG_strcpy_from, 0
0x004D	0x00F0      	MOVWF      R0
0x004E	0x0AAC      	INCF       FARG_strcpy_from, 1
0x004F	0x0870      	MOVF       R0, 0
0x0050	0x0084      	MOVWF      FSR
0x0051	0x0800      	MOVF       INDF, 0
0x0052	0x00F0      	MOVWF      R0
0x0053	0x0871      	MOVF       R1, 0
0x0054	0x0084      	MOVWF      FSR
0x0055	0x0870      	MOVF       R0, 0
0x0056	0x0080      	MOVWF      INDF
0x0057	0x0871      	MOVF       R1, 0
0x0058	0x0084      	MOVWF      FSR
0x0059	0x0800      	MOVF       INDF, 0
0x005A	0x1903      	BTFSC      STATUS, 2
0x005B	0x285D      	GOTO       L_strcpy35
;__Lib_CString.c,131 :: 		
0x005C	0x2849      	GOTO       L_strcpy34
L_strcpy35:
;__Lib_CString.c,132 :: 		
0x005D	0x082B      	MOVF       FARG_strcpy_to, 0
0x005E	0x00F0      	MOVWF      R0
;__Lib_CString.c,133 :: 		
L_end_strcpy:
0x005F	0x0008      	RETURN
; end of _strcpy
_Lcd_Cmd:
;__Lib_Lcd.c,18 :: 		
;__Lib_Lcd.c,20 :: 		
0x0060	0x1683      	BSF        STATUS, 5
0x0061	0x1303      	BCF        STATUS, 6
0x0062	0x1BAB      	BTFSC      FARG_Lcd_Cmd_out_char, 7
0x0063	0x2867      	GOTO       L__Lcd_Cmd21
0x0064	0x1283      	BCF        STATUS, 5
0x0065	0x1186      	BCF        LCD_D7, BitPos(LCD_D7+0)
0x0066	0x2869      	GOTO       L__Lcd_Cmd22
L__Lcd_Cmd21:
0x0067	0x1283      	BCF        STATUS, 5
0x0068	0x1586      	BSF        LCD_D7, BitPos(LCD_D7+0)
L__Lcd_Cmd22:
;__Lib_Lcd.c,21 :: 		
0x0069	0x1683      	BSF        STATUS, 5
0x006A	0x1B2B      	BTFSC      FARG_Lcd_Cmd_out_char, 6
0x006B	0x286F      	GOTO       L__Lcd_Cmd23
0x006C	0x1283      	BCF        STATUS, 5
0x006D	0x1106      	BCF        LCD_D6, BitPos(LCD_D6+0)
0x006E	0x2871      	GOTO       L__Lcd_Cmd24
L__Lcd_Cmd23:
0x006F	0x1283      	BCF        STATUS, 5
0x0070	0x1506      	BSF        LCD_D6, BitPos(LCD_D6+0)
L__Lcd_Cmd24:
;__Lib_Lcd.c,22 :: 		
0x0071	0x1683      	BSF        STATUS, 5
0x0072	0x1AAB      	BTFSC      FARG_Lcd_Cmd_out_char, 5
0x0073	0x2877      	GOTO       L__Lcd_Cmd25
0x0074	0x1283      	BCF        STATUS, 5
0x0075	0x1086      	BCF        LCD_D5, BitPos(LCD_D5+0)
0x0076	0x2879      	GOTO       L__Lcd_Cmd26
L__Lcd_Cmd25:
0x0077	0x1283      	BCF        STATUS, 5
0x0078	0x1486      	BSF        LCD_D5, BitPos(LCD_D5+0)
L__Lcd_Cmd26:
;__Lib_Lcd.c,23 :: 		
0x0079	0x1683      	BSF        STATUS, 5
0x007A	0x1A2B      	BTFSC      FARG_Lcd_Cmd_out_char, 4
0x007B	0x287F      	GOTO       L__Lcd_Cmd27
0x007C	0x1283      	BCF        STATUS, 5
0x007D	0x1006      	BCF        LCD_D4, BitPos(LCD_D4+0)
0x007E	0x2881      	GOTO       L__Lcd_Cmd28
L__Lcd_Cmd27:
0x007F	0x1283      	BCF        STATUS, 5
0x0080	0x1406      	BSF        LCD_D4, BitPos(LCD_D4+0)
L__Lcd_Cmd28:
;__Lib_Lcd.c,25 :: 		
0x0081	0x186A      	BTFSC      __Lib_Lcd_cmd_status, BitPos(__Lib_Lcd_cmd_status+0)
0x0082	0x2885      	GOTO       L__Lcd_Cmd29
0x0083	0x1606      	BSF        LCD_RS, BitPos(LCD_RS+0)
0x0084	0x2886      	GOTO       L__Lcd_Cmd30
L__Lcd_Cmd29:
0x0085	0x1206      	BCF        LCD_RS, BitPos(LCD_RS+0)
L__Lcd_Cmd30:
;__Lib_Lcd.c,28 :: 		
0x0086	0x1686      	BSF        LCD_EN, BitPos(LCD_EN+0)
;__Lib_Lcd.c,29 :: 		
0x0087	0x203B      	CALL       _Delay_1us
;__Lib_Lcd.c,30 :: 		
0x0088	0x1286      	BCF        LCD_EN, BitPos(LCD_EN+0)
;__Lib_Lcd.c,33 :: 		
0x0089	0x1683      	BSF        STATUS, 5
0x008A	0x19AB      	BTFSC      FARG_Lcd_Cmd_out_char, 3
0x008B	0x288F      	GOTO       L__Lcd_Cmd31
0x008C	0x1283      	BCF        STATUS, 5
0x008D	0x1186      	BCF        LCD_D7, BitPos(LCD_D7+0)
0x008E	0x2891      	GOTO       L__Lcd_Cmd32
L__Lcd_Cmd31:
0x008F	0x1283      	BCF        STATUS, 5
0x0090	0x1586      	BSF        LCD_D7, BitPos(LCD_D7+0)
L__Lcd_Cmd32:
;__Lib_Lcd.c,34 :: 		
0x0091	0x1683      	BSF        STATUS, 5
0x0092	0x192B      	BTFSC      FARG_Lcd_Cmd_out_char, 2
0x0093	0x2897      	GOTO       L__Lcd_Cmd33
0x0094	0x1283      	BCF        STATUS, 5
0x0095	0x1106      	BCF        LCD_D6, BitPos(LCD_D6+0)
0x0096	0x2899      	GOTO       L__Lcd_Cmd34
L__Lcd_Cmd33:
0x0097	0x1283      	BCF        STATUS, 5
0x0098	0x1506      	BSF        LCD_D6, BitPos(LCD_D6+0)
L__Lcd_Cmd34:
;__Lib_Lcd.c,35 :: 		
0x0099	0x1683      	BSF        STATUS, 5
0x009A	0x18AB      	BTFSC      FARG_Lcd_Cmd_out_char, 1
0x009B	0x289F      	GOTO       L__Lcd_Cmd35
0x009C	0x1283      	BCF        STATUS, 5
0x009D	0x1086      	BCF        LCD_D5, BitPos(LCD_D5+0)
0x009E	0x28A1      	GOTO       L__Lcd_Cmd36
L__Lcd_Cmd35:
0x009F	0x1283      	BCF        STATUS, 5
0x00A0	0x1486      	BSF        LCD_D5, BitPos(LCD_D5+0)
L__Lcd_Cmd36:
;__Lib_Lcd.c,36 :: 		
0x00A1	0x1683      	BSF        STATUS, 5
0x00A2	0x182B      	BTFSC      FARG_Lcd_Cmd_out_char, 0
0x00A3	0x28A7      	GOTO       L__Lcd_Cmd37
0x00A4	0x1283      	BCF        STATUS, 5
0x00A5	0x1006      	BCF        LCD_D4, BitPos(LCD_D4+0)
0x00A6	0x28A9      	GOTO       L__Lcd_Cmd38
L__Lcd_Cmd37:
0x00A7	0x1283      	BCF        STATUS, 5
0x00A8	0x1406      	BSF        LCD_D4, BitPos(LCD_D4+0)
L__Lcd_Cmd38:
;__Lib_Lcd.c,38 :: 		
0x00A9	0x186A      	BTFSC      __Lib_Lcd_cmd_status, BitPos(__Lib_Lcd_cmd_status+0)
0x00AA	0x28AD      	GOTO       L__Lcd_Cmd39
0x00AB	0x1606      	BSF        LCD_RS, BitPos(LCD_RS+0)
0x00AC	0x28AE      	GOTO       L__Lcd_Cmd40
L__Lcd_Cmd39:
0x00AD	0x1206      	BCF        LCD_RS, BitPos(LCD_RS+0)
L__Lcd_Cmd40:
;__Lib_Lcd.c,40 :: 		
0x00AE	0x1686      	BSF        LCD_EN, BitPos(LCD_EN+0)
;__Lib_Lcd.c,41 :: 		
0x00AF	0x203B      	CALL       _Delay_1us
;__Lib_Lcd.c,42 :: 		
0x00B0	0x1286      	BCF        LCD_EN, BitPos(LCD_EN+0)
;__Lib_Lcd.c,44 :: 		
0x00B1	0x1C6A      	BTFSS      __Lib_Lcd_cmd_status, BitPos(__Lib_Lcd_cmd_status+0)
0x00B2	0x28B5      	GOTO       L_Lcd_Cmd0
;__Lib_Lcd.c,45 :: 		
0x00B3	0x202E      	CALL       _Delay_5500us
0x00B4	0x28B6      	GOTO       L_Lcd_Cmd1
L_Lcd_Cmd0:
;__Lib_Lcd.c,47 :: 		
0x00B5	0x2027      	CALL       _Delay_50us
L_Lcd_Cmd1:
;__Lib_Lcd.c,48 :: 		
L_end_Lcd_Cmd:
0x00B6	0x0008      	RETURN
; end of _Lcd_Cmd
_codetxt_to_ramtxt:
;Menu.c,76 :: 		char * codetxt_to_ramtxt(const char* ctxt)
;Menu.c,80 :: 		for(i =0; ctxt[i] != '\0'; i++){
0x00B7	0x1283      	BCF        STATUS, 5
0x00B8	0x1303      	BCF        STATUS, 6
0x00B9	0x01F3      	CLRF       R3
L_codetxt_to_ramtxt0:
0x00BA	0x0873      	MOVF       R3, 0
0x00BB	0x1683      	BSF        STATUS, 5
0x00BC	0x072B      	ADDWF      FARG_codetxt_to_ramtxt_ctxt, 0
0x00BD	0x00F0      	MOVWF      R0
0x00BE	0x082C      	MOVF       FARG_codetxt_to_ramtxt_ctxt+1, 0
0x00BF	0x1803      	BTFSC      STATUS, 0
0x00C0	0x3E01      	ADDLW      1
0x00C1	0x00F1      	MOVWF      R0+1
0x00C2	0x0870      	MOVF       R0, 0
0x00C3	0x1283      	BCF        STATUS, 5
0x00C4	0x00AC      	MOVWF      ___DoICPAddr
0x00C5	0x0871      	MOVF       R0+1, 0
0x00C6	0x00AD      	MOVWF      ___DoICPAddr+1
0x00C7	0x203E      	CALL       _____DoICP
0x00C8	0x118A      	BCF        PCLATH, 3
0x00C9	0x120A      	BCF        PCLATH, 4
0x00CA	0x00F1      	MOVWF      R1
0x00CB	0x0871      	MOVF       R1, 0
0x00CC	0x3A00      	XORLW      0
0x00CD	0x1903      	BTFSC      STATUS, 2
0x00CE	0x28E9      	GOTO       L_codetxt_to_ramtxt1
;Menu.c,81 :: 		txt[i] = ctxt[i];
0x00CF	0x0873      	MOVF       R3, 0
0x00D0	0x3E56      	ADDLW      codetxt_to_ramtxt_txt_L0
0x00D1	0x00F2      	MOVWF      R2
0x00D2	0x0873      	MOVF       R3, 0
0x00D3	0x1683      	BSF        STATUS, 5
0x00D4	0x072B      	ADDWF      FARG_codetxt_to_ramtxt_ctxt, 0
0x00D5	0x00F0      	MOVWF      R0
0x00D6	0x082C      	MOVF       FARG_codetxt_to_ramtxt_ctxt+1, 0
0x00D7	0x1803      	BTFSC      STATUS, 0
0x00D8	0x3E01      	ADDLW      1
0x00D9	0x00F1      	MOVWF      R0+1
0x00DA	0x0870      	MOVF       R0, 0
0x00DB	0x1283      	BCF        STATUS, 5
0x00DC	0x00AC      	MOVWF      ___DoICPAddr
0x00DD	0x0871      	MOVF       R0+1, 0
0x00DE	0x00AD      	MOVWF      ___DoICPAddr+1
0x00DF	0x203E      	CALL       _____DoICP
0x00E0	0x118A      	BCF        PCLATH, 3
0x00E1	0x120A      	BCF        PCLATH, 4
0x00E2	0x00F0      	MOVWF      R0
0x00E3	0x0872      	MOVF       R2, 0
0x00E4	0x0084      	MOVWF      FSR
0x00E5	0x0870      	MOVF       R0, 0
0x00E6	0x0080      	MOVWF      INDF
;Menu.c,80 :: 		for(i =0; ctxt[i] != '\0'; i++){
0x00E7	0x0AF3      	INCF       R3, 1
;Menu.c,82 :: 		}
0x00E8	0x28BA      	GOTO       L_codetxt_to_ramtxt0
L_codetxt_to_ramtxt1:
;Menu.c,83 :: 		txt[i] = '\0';
0x00E9	0x0873      	MOVF       R3, 0
0x00EA	0x3E56      	ADDLW      codetxt_to_ramtxt_txt_L0
0x00EB	0x0084      	MOVWF      FSR
0x00EC	0x0180      	CLRF       INDF
;Menu.c,84 :: 		return txt;
0x00ED	0x3056      	MOVLW      codetxt_to_ramtxt_txt_L0
0x00EE	0x00F0      	MOVWF      R0
;Menu.c,85 :: 		}
L_end_codetxt_to_ramtxt:
0x00EF	0x0008      	RETURN
; end of _codetxt_to_ramtxt
_Lcd_Init:
;__Lib_Lcd.c,84 :: 		
;__Lib_Lcd.c,86 :: 		
0x00F0	0x1683      	BSF        STATUS, 5
0x00F1	0x1303      	BCF        STATUS, 6
0x00F2	0x1286      	BCF        LCD_EN_Direction, BitPos(LCD_EN_Direction+0)
;__Lib_Lcd.c,87 :: 		
0x00F3	0x1206      	BCF        LCD_RS_Direction, BitPos(LCD_RS_Direction+0)
;__Lib_Lcd.c,88 :: 		
0x00F4	0x1006      	BCF        LCD_D4_Direction, BitPos(LCD_D4_Direction+0)
;__Lib_Lcd.c,89 :: 		
0x00F5	0x1086      	BCF        LCD_D5_Direction, BitPos(LCD_D5_Direction+0)
;__Lib_Lcd.c,90 :: 		
0x00F6	0x1106      	BCF        LCD_D6_Direction, BitPos(LCD_D6_Direction+0)
;__Lib_Lcd.c,91 :: 		
0x00F7	0x1186      	BCF        LCD_D7_Direction, BitPos(LCD_D7_Direction+0)
;__Lib_Lcd.c,93 :: 		
0x00F8	0x1283      	BCF        STATUS, 5
0x00F9	0x1286      	BCF        LCD_EN, BitPos(LCD_EN+0)
;__Lib_Lcd.c,94 :: 		
0x00FA	0x1206      	BCF        LCD_RS, BitPos(LCD_RS+0)
;__Lib_Lcd.c,95 :: 		
0x00FB	0x1186      	BCF        LCD_D7, BitPos(LCD_D7+0)
;__Lib_Lcd.c,96 :: 		
0x00FC	0x1106      	BCF        LCD_D6, BitPos(LCD_D6+0)
;__Lib_Lcd.c,97 :: 		
0x00FD	0x1086      	BCF        LCD_D5, BitPos(LCD_D5+0)
;__Lib_Lcd.c,98 :: 		
0x00FE	0x1006      	BCF        LCD_D4, BitPos(LCD_D4+0)
;__Lib_Lcd.c,100 :: 		
0x00FF	0x202E      	CALL       _Delay_5500us
;__Lib_Lcd.c,101 :: 		
0x0100	0x202E      	CALL       _Delay_5500us
;__Lib_Lcd.c,102 :: 		
0x0101	0x202E      	CALL       _Delay_5500us
;__Lib_Lcd.c,105 :: 		
0x0102	0x1486      	BSF        LCD_D5, BitPos(LCD_D5+0)
;__Lib_Lcd.c,106 :: 		
0x0103	0x1406      	BSF        LCD_D4, BitPos(LCD_D4+0)
;__Lib_Lcd.c,107 :: 		
0x0104	0x1686      	BSF        LCD_EN, BitPos(LCD_EN+0)
;__Lib_Lcd.c,108 :: 		
0x0105	0x203B      	CALL       _Delay_1us
;__Lib_Lcd.c,109 :: 		
0x0106	0x1286      	BCF        LCD_EN, BitPos(LCD_EN+0)
;__Lib_Lcd.c,110 :: 		
0x0107	0x202E      	CALL       _Delay_5500us
;__Lib_Lcd.c,112 :: 		
0x0108	0x1686      	BSF        LCD_EN, BitPos(LCD_EN+0)
;__Lib_Lcd.c,113 :: 		
0x0109	0x203B      	CALL       _Delay_1us
;__Lib_Lcd.c,114 :: 		
0x010A	0x1286      	BCF        LCD_EN, BitPos(LCD_EN+0)
;__Lib_Lcd.c,115 :: 		
0x010B	0x202E      	CALL       _Delay_5500us
;__Lib_Lcd.c,117 :: 		
0x010C	0x1686      	BSF        LCD_EN, BitPos(LCD_EN+0)
;__Lib_Lcd.c,118 :: 		
0x010D	0x203B      	CALL       _Delay_1us
;__Lib_Lcd.c,119 :: 		
0x010E	0x1286      	BCF        LCD_EN, BitPos(LCD_EN+0)
;__Lib_Lcd.c,120 :: 		
0x010F	0x202E      	CALL       _Delay_5500us
;__Lib_Lcd.c,123 :: 		
0x0110	0x1006      	BCF        LCD_D4, BitPos(LCD_D4+0)
;__Lib_Lcd.c,124 :: 		
0x0111	0x1686      	BSF        LCD_EN, BitPos(LCD_EN+0)
;__Lib_Lcd.c,125 :: 		
0x0112	0x203B      	CALL       _Delay_1us
;__Lib_Lcd.c,126 :: 		
0x0113	0x1286      	BCF        LCD_EN, BitPos(LCD_EN+0)
;__Lib_Lcd.c,127 :: 		
0x0114	0x202E      	CALL       _Delay_5500us
;__Lib_Lcd.c,130 :: 		
0x0115	0x1686      	BSF        LCD_EN, BitPos(LCD_EN+0)
;__Lib_Lcd.c,131 :: 		
0x0116	0x203B      	CALL       _Delay_1us
;__Lib_Lcd.c,132 :: 		
0x0117	0x1286      	BCF        LCD_EN, BitPos(LCD_EN+0)
;__Lib_Lcd.c,134 :: 		
0x0118	0x1086      	BCF        LCD_D5, BitPos(LCD_D5+0)
;__Lib_Lcd.c,135 :: 		
0x0119	0x1586      	BSF        LCD_D7, BitPos(LCD_D7+0)
;__Lib_Lcd.c,136 :: 		
0x011A	0x1686      	BSF        LCD_EN, BitPos(LCD_EN+0)
;__Lib_Lcd.c,137 :: 		
0x011B	0x203B      	CALL       _Delay_1us
;__Lib_Lcd.c,138 :: 		
0x011C	0x1286      	BCF        LCD_EN, BitPos(LCD_EN+0)
;__Lib_Lcd.c,139 :: 		
0x011D	0x202E      	CALL       _Delay_5500us
;__Lib_Lcd.c,142 :: 		
0x011E	0x1186      	BCF        LCD_D7, BitPos(LCD_D7+0)
;__Lib_Lcd.c,143 :: 		
0x011F	0x1406      	BSF        LCD_D4, BitPos(LCD_D4+0)
;__Lib_Lcd.c,144 :: 		
0x0120	0x1686      	BSF        LCD_EN, BitPos(LCD_EN+0)
;__Lib_Lcd.c,145 :: 		
0x0121	0x203B      	CALL       _Delay_1us
;__Lib_Lcd.c,146 :: 		
0x0122	0x1286      	BCF        LCD_EN, BitPos(LCD_EN+0)
;__Lib_Lcd.c,148 :: 		
0x0123	0x1006      	BCF        LCD_D4, BitPos(LCD_D4+0)
;__Lib_Lcd.c,149 :: 		
0x0124	0x1686      	BSF        LCD_EN, BitPos(LCD_EN+0)
;__Lib_Lcd.c,150 :: 		
0x0125	0x203B      	CALL       _Delay_1us
;__Lib_Lcd.c,151 :: 		
0x0126	0x1286      	BCF        LCD_EN, BitPos(LCD_EN+0)
;__Lib_Lcd.c,152 :: 		
0x0127	0x202E      	CALL       _Delay_5500us
;__Lib_Lcd.c,155 :: 		
0x0128	0x1686      	BSF        LCD_EN, BitPos(LCD_EN+0)
;__Lib_Lcd.c,156 :: 		
0x0129	0x203B      	CALL       _Delay_1us
;__Lib_Lcd.c,157 :: 		
0x012A	0x1286      	BCF        LCD_EN, BitPos(LCD_EN+0)
;__Lib_Lcd.c,159 :: 		
0x012B	0x1406      	BSF        LCD_D4, BitPos(LCD_D4+0)
;__Lib_Lcd.c,160 :: 		
0x012C	0x1686      	BSF        LCD_EN, BitPos(LCD_EN+0)
;__Lib_Lcd.c,161 :: 		
0x012D	0x203B      	CALL       _Delay_1us
;__Lib_Lcd.c,162 :: 		
0x012E	0x1286      	BCF        LCD_EN, BitPos(LCD_EN+0)
;__Lib_Lcd.c,163 :: 		
0x012F	0x202E      	CALL       _Delay_5500us
;__Lib_Lcd.c,166 :: 		
0x0130	0x1006      	BCF        LCD_D4, BitPos(LCD_D4+0)
;__Lib_Lcd.c,167 :: 		
0x0131	0x1686      	BSF        LCD_EN, BitPos(LCD_EN+0)
;__Lib_Lcd.c,168 :: 		
0x0132	0x203B      	CALL       _Delay_1us
;__Lib_Lcd.c,169 :: 		
0x0133	0x1286      	BCF        LCD_EN, BitPos(LCD_EN+0)
;__Lib_Lcd.c,171 :: 		
0x0134	0x1586      	BSF        LCD_D7, BitPos(LCD_D7+0)
;__Lib_Lcd.c,172 :: 		
0x0135	0x1506      	BSF        LCD_D6, BitPos(LCD_D6+0)
;__Lib_Lcd.c,173 :: 		
0x0136	0x1486      	BSF        LCD_D5, BitPos(LCD_D5+0)
;__Lib_Lcd.c,174 :: 		
0x0137	0x1406      	BSF        LCD_D4, BitPos(LCD_D4+0)
;__Lib_Lcd.c,175 :: 		
0x0138	0x1686      	BSF        LCD_EN, BitPos(LCD_EN+0)
;__Lib_Lcd.c,176 :: 		
0x0139	0x203B      	CALL       _Delay_1us
;__Lib_Lcd.c,177 :: 		
0x013A	0x1286      	BCF        LCD_EN, BitPos(LCD_EN+0)
;__Lib_Lcd.c,179 :: 		
0x013B	0x202E      	CALL       _Delay_5500us
;__Lib_Lcd.c,181 :: 		
0x013C	0x146A      	BSF        __Lib_Lcd_cmd_status, BitPos(__Lib_Lcd_cmd_status+0)
;__Lib_Lcd.c,182 :: 		
L_end_Lcd_Init:
0x013D	0x0008      	RETURN
; end of _Lcd_Init
_I2C1_Init:
;__Lib_I2C_c34.c,4 :: 		
;__Lib_I2C_c34.c,5 :: 		
0x013E	0x1683      	BSF        STATUS, 5
0x013F	0x1303      	BCF        STATUS, 6
0x0140	0x1314      	BCF        SSPSTAT, 6
;__Lib_I2C_c34.c,6 :: 		
0x0141	0x1394      	BCF        SSPSTAT, 7
;__Lib_I2C_c34.c,7 :: 		
0x0142	0x1607      	BSF        TRISC4_bit, BitPos(TRISC4_bit+0)
;__Lib_I2C_c34.c,8 :: 		
0x0143	0x1587      	BSF        TRISC3_bit, BitPos(TRISC3_bit+0)
;__Lib_I2C_c34.c,9 :: 		
0x0144	0x3038      	MOVLW      56
0x0145	0x1283      	BCF        STATUS, 5
0x0146	0x0094      	MOVWF      SSPCON
;__Lib_I2C_c34.c,11 :: 		
L_end_I2C1_Init:
0x0147	0x0008      	RETURN
; end of _I2C1_Init
_initLCDRaws:
;lcd.c,60 :: 		void initLCDRaws()
;lcd.c,62 :: 		strcpy(lcdrow1,codetxt_to_ramtxt("00:00:00 000 TUE"));
0x0148	0x3033      	MOVLW      ?lstr_1_lcd
0x0149	0x1683      	BSF        STATUS, 5
0x014A	0x1303      	BCF        STATUS, 6
0x014B	0x00AB      	MOVWF      FARG_codetxt_to_ramtxt_ctxt
0x014C	0x3002      	MOVLW      hi_addr(?lstr_1_lcd)
0x014D	0x00AC      	MOVWF      FARG_codetxt_to_ramtxt_ctxt+1
0x014E	0x20B7      	CALL       _codetxt_to_ramtxt
0x014F	0x0870      	MOVF       R0, 0
0x0150	0x1683      	BSF        STATUS, 5
0x0151	0x00AC      	MOVWF      FARG_strcpy_from
0x0152	0x3040      	MOVLW      _lcdrow1
0x0153	0x00AB      	MOVWF      FARG_strcpy_to
0x0154	0x2045      	CALL       _strcpy
;lcd.c,63 :: 		strcpy(lcdrow2,codetxt_to_ramtxt("00/00/00 00.0A  "));
0x0155	0x3022      	MOVLW      ?lstr_2_lcd
0x0156	0x00AB      	MOVWF      FARG_codetxt_to_ramtxt_ctxt
0x0157	0x3002      	MOVLW      hi_addr(?lstr_2_lcd)
0x0158	0x00AC      	MOVWF      FARG_codetxt_to_ramtxt_ctxt+1
0x0159	0x20B7      	CALL       _codetxt_to_ramtxt
0x015A	0x0870      	MOVF       R0, 0
0x015B	0x1683      	BSF        STATUS, 5
0x015C	0x00AC      	MOVWF      FARG_strcpy_from
0x015D	0x302F      	MOVLW      _lcdrow2
0x015E	0x00AB      	MOVWF      FARG_strcpy_to
0x015F	0x2045      	CALL       _strcpy
;lcd.c,65 :: 		}
L_end_initLCDRaws:
0x0160	0x0008      	RETURN
; end of _initLCDRaws
_Lcd_Chr_CP:
;__Lib_Lcd.c,50 :: 		
;__Lib_Lcd.c,52 :: 		
0x0161	0x1283      	BCF        STATUS, 5
0x0162	0x1303      	BCF        STATUS, 6
0x0163	0x106A      	BCF        __Lib_Lcd_cmd_status, BitPos(__Lib_Lcd_cmd_status+0)
;__Lib_Lcd.c,53 :: 		
0x0164	0x1683      	BSF        STATUS, 5
0x0165	0x0827      	MOVF       FARG_Lcd_Chr_CP_out_char, 0
0x0166	0x00AB      	MOVWF      FARG_Lcd_Cmd_out_char
0x0167	0x2060      	CALL       _Lcd_Cmd
;__Lib_Lcd.c,54 :: 		
0x0168	0x146A      	BSF        __Lib_Lcd_cmd_status, BitPos(__Lib_Lcd_cmd_status+0)
;__Lib_Lcd.c,55 :: 		
L_end_Lcd_Chr_CP:
0x0169	0x0008      	RETURN
; end of _Lcd_Chr_CP
_Lcd_Out:
;__Lib_Lcd.c,184 :: 		
;__Lib_Lcd.c,187 :: 		
0x016A	0x297C      	GOTO       L_Lcd_Out11
;__Lib_Lcd.c,188 :: 		
L_Lcd_Out13:
0x016B	0x3080      	MOVLW      128
0x016C	0x1683      	BSF        STATUS, 5
0x016D	0x1303      	BCF        STATUS, 6
0x016E	0x00A3      	MOVWF      FARG_Lcd_Out_row
0x016F	0x298F      	GOTO       L_Lcd_Out12
;__Lib_Lcd.c,189 :: 		
L_Lcd_Out14:
0x0170	0x30C0      	MOVLW      192
0x0171	0x00A3      	MOVWF      FARG_Lcd_Out_row
0x0172	0x298F      	GOTO       L_Lcd_Out12
;__Lib_Lcd.c,190 :: 		
L_Lcd_Out15:
0x0173	0x3094      	MOVLW      148
0x0174	0x00A3      	MOVWF      FARG_Lcd_Out_row
0x0175	0x298F      	GOTO       L_Lcd_Out12
;__Lib_Lcd.c,191 :: 		
L_Lcd_Out16:
0x0176	0x30D4      	MOVLW      212
0x0177	0x00A3      	MOVWF      FARG_Lcd_Out_row
0x0178	0x298F      	GOTO       L_Lcd_Out12
;__Lib_Lcd.c,192 :: 		
L_Lcd_Out17:
0x0179	0x3080      	MOVLW      128
0x017A	0x00A3      	MOVWF      FARG_Lcd_Out_row
;__Lib_Lcd.c,193 :: 		
0x017B	0x298F      	GOTO       L_Lcd_Out12
L_Lcd_Out11:
0x017C	0x1683      	BSF        STATUS, 5
0x017D	0x1303      	BCF        STATUS, 6
0x017E	0x0823      	MOVF       FARG_Lcd_Out_row, 0
0x017F	0x3A01      	XORLW      1
0x0180	0x1903      	BTFSC      STATUS, 2
0x0181	0x296B      	GOTO       L_Lcd_Out13
0x0182	0x0823      	MOVF       FARG_Lcd_Out_row, 0
0x0183	0x3A02      	XORLW      2
0x0184	0x1903      	BTFSC      STATUS, 2
0x0185	0x2970      	GOTO       L_Lcd_Out14
0x0186	0x0823      	MOVF       FARG_Lcd_Out_row, 0
0x0187	0x3A03      	XORLW      3
0x0188	0x1903      	BTFSC      STATUS, 2
0x0189	0x2973      	GOTO       L_Lcd_Out15
0x018A	0x0823      	MOVF       FARG_Lcd_Out_row, 0
0x018B	0x3A04      	XORLW      4
0x018C	0x1903      	BTFSC      STATUS, 2
0x018D	0x2976      	GOTO       L_Lcd_Out16
0x018E	0x2979      	GOTO       L_Lcd_Out17
L_Lcd_Out12:
;__Lib_Lcd.c,194 :: 		
0x018F	0x0324      	DECF       FARG_Lcd_Out_column, 0
0x0190	0x00F0      	MOVWF      R0
0x0191	0x0823      	MOVF       FARG_Lcd_Out_row, 0
0x0192	0x07F0      	ADDWF      R0, 1
0x0193	0x0870      	MOVF       R0, 0
0x0194	0x00A3      	MOVWF      FARG_Lcd_Out_row
;__Lib_Lcd.c,196 :: 		
0x0195	0x0870      	MOVF       R0, 0
0x0196	0x00AB      	MOVWF      FARG_Lcd_Cmd_out_char
0x0197	0x2060      	CALL       _Lcd_Cmd
;__Lib_Lcd.c,197 :: 		
0x0198	0x106A      	BCF        __Lib_Lcd_cmd_status, BitPos(__Lib_Lcd_cmd_status+0)
;__Lib_Lcd.c,198 :: 		
0x0199	0x1683      	BSF        STATUS, 5
0x019A	0x01A6      	CLRF       Lcd_Out_i_L0
;__Lib_Lcd.c,199 :: 		
L_Lcd_Out18:
0x019B	0x0826      	MOVF       Lcd_Out_i_L0, 0
0x019C	0x0725      	ADDWF      FARG_Lcd_Out_text, 0
0x019D	0x0084      	MOVWF      FSR
0x019E	0x0800      	MOVF       INDF, 0
0x019F	0x1903      	BTFSC      STATUS, 2
0x01A0	0x29AA      	GOTO       L_Lcd_Out19
;__Lib_Lcd.c,200 :: 		
0x01A1	0x0826      	MOVF       Lcd_Out_i_L0, 0
0x01A2	0x0725      	ADDWF      FARG_Lcd_Out_text, 0
0x01A3	0x0084      	MOVWF      FSR
0x01A4	0x0800      	MOVF       INDF, 0
0x01A5	0x00A7      	MOVWF      FARG_Lcd_Chr_CP_out_char
0x01A6	0x2161      	CALL       _Lcd_Chr_CP
0x01A7	0x1683      	BSF        STATUS, 5
0x01A8	0x0AA6      	INCF       Lcd_Out_i_L0, 1
0x01A9	0x299B      	GOTO       L_Lcd_Out18
L_Lcd_Out19:
;__Lib_Lcd.c,201 :: 		
0x01AA	0x1283      	BCF        STATUS, 5
0x01AB	0x146A      	BSF        __Lib_Lcd_cmd_status, BitPos(__Lib_Lcd_cmd_status+0)
;__Lib_Lcd.c,202 :: 		
L_end_Lcd_Out:
0x01AC	0x0008      	RETURN
; end of _Lcd_Out
_InitRTC:
;rtc.c,39 :: 		void InitRTC(){
;rtc.c,40 :: 		I2C1_Init(100000); //DS1307 I2C is running at 100KHz
0x01AD	0x3014      	MOVLW      20
0x01AE	0x1683      	BSF        STATUS, 5
0x01AF	0x1303      	BCF        STATUS, 6
0x01B0	0x0093      	MOVWF      SSPADD
0x01B1	0x213E      	CALL       _I2C1_Init
;rtc.c,41 :: 		}
L_end_InitRTC:
0x01B2	0x0008      	RETURN
; end of _InitRTC
_initTmr1:
;tmr1.c,4 :: 		void initTmr1(){
;tmr1.c,6 :: 		T1CON=0x30;
0x01B3	0x3030      	MOVLW      48
0x01B4	0x1283      	BCF        STATUS, 5
0x01B5	0x1303      	BCF        STATUS, 6
0x01B6	0x0090      	MOVWF      T1CON
;tmr1.c,7 :: 		INTCON.GIE=1;
0x01B7	0x178B      	BSF        INTCON, 7
;tmr1.c,8 :: 		INTCON.PEIE=1;
0x01B8	0x170B      	BSF        INTCON, 6
;tmr1.c,9 :: 		T1CON.TMR1ON=0;
0x01B9	0x1010      	BCF        T1CON, 0
;tmr1.c,10 :: 		TMR1H=0;
0x01BA	0x018F      	CLRF       TMR1H
;tmr1.c,11 :: 		TMR1L=0;                 //delay=(60*t)/(0.524288)  ;t in minute
0x01BB	0x018E      	CLRF       TMR1L
;tmr1.c,12 :: 		PIR1.TMR1IF=0;
0x01BC	0x100C      	BCF        PIR1, 0
;tmr1.c,13 :: 		PIE1.TMR1IE=1;
0x01BD	0x1683      	BSF        STATUS, 5
0x01BE	0x140C      	BSF        PIE1, 0
;tmr1.c,14 :: 		T1CON.TMR1ON=1;
0x01BF	0x1283      	BCF        STATUS, 5
0x01C0	0x1410      	BSF        T1CON, 0
;tmr1.c,16 :: 		}
L_end_initTmr1:
0x01C1	0x0008      	RETURN
; end of _initTmr1
_menuPortPinInt:
;Menu.c,87 :: 		void menuPortPinInt(){
;Menu.c,90 :: 		TRISD.F7 = 1;
0x01C2	0x1683      	BSF        STATUS, 5
0x01C3	0x1303      	BCF        STATUS, 6
0x01C4	0x1788      	BSF        TRISD, 7
;Menu.c,91 :: 		TRISD.F6 = 1;
0x01C5	0x1708      	BSF        TRISD, 6
;Menu.c,92 :: 		TRISD.F5 = 1;
0x01C6	0x1688      	BSF        TRISD, 5
;Menu.c,93 :: 		TRISD.F4 = 1;
0x01C7	0x1608      	BSF        TRISD, 4
;Menu.c,94 :: 		TRISC.F0 = 0;
0x01C8	0x1007      	BCF        TRISC, 0
;Menu.c,97 :: 		}
L_end_menuPortPinInt:
0x01C9	0x0008      	RETURN
; end of _menuPortPinInt
___CC2DW:
;__Lib_System.c,134 :: 		
;__Lib_System.c,137 :: 		
_CC2D_Loop1:
;__Lib_System.c,139 :: 		
0x01CA	0x203E      	CALL       _____DoICP
0x01CB	0x118A      	BCF        PCLATH, 3
0x01CC	0x120A      	BCF        PCLATH, 4
;__Lib_System.c,141 :: 		
0x01CD	0x0080      	MOVWF      INDF
;__Lib_System.c,142 :: 		
0x01CE	0x0A84      	INCF       FSR, 1
;__Lib_System.c,143 :: 		
0x01CF	0x0AAC      	INCF       ___DoICPAddr, 1
;__Lib_System.c,145 :: 		
0x01D0	0x1903      	BTFSC      STATUS, 2
;__Lib_System.c,146 :: 		
0x01D1	0x0AAD      	INCF       ___DoICPAddr+1, 1
;__Lib_System.c,147 :: 		
0x01D2	0x03F0      	DECF       R0, 1
;__Lib_System.c,149 :: 		
0x01D3	0x1D03      	BTFSS      STATUS, 2
;__Lib_System.c,150 :: 		
0x01D4	0x29CA      	GOTO       _CC2D_Loop1
;__Lib_System.c,152 :: 		
L_end___CC2DW:
0x01D5	0x0008      	RETURN
; end of ___CC2DW
_ADC_Init:
;__Lib_ADC_88X.c,11 :: 		
;__Lib_ADC_88X.c,12 :: 		
0x01D6	0x30FF      	MOVLW      _ADC_Get_Sample
0x01D7	0x1283      	BCF        STATUS, 5
0x01D8	0x1303      	BCF        STATUS, 6
0x01D9	0x00D2      	MOVWF      _ADC_Get_Sample_Ptr
0x01DA	0x30FF      	MOVLW      hi_addr(_ADC_Get_Sample)
0x01DB	0x00D3      	MOVWF      _ADC_Get_Sample_Ptr+1
0x01DC	0x30FF      	MOVLW      FARG_ADC_Get_Sample_channel
0x01DD	0x00D4      	MOVWF      _ADC_Get_Sample_Ptr+2
0x01DE	0x30FF      	MOVLW      hi_addr(FARG_ADC_Get_Sample_channel)
;__Lib_ADC_88X.c,14 :: 		
0x01DF	0x30C3      	MOVLW      195
0x01E0	0x059F      	ANDWF      ADCON0, 1
;__Lib_ADC_88X.c,18 :: 		
0x01E1	0x30C0      	MOVLW      192
0x01E2	0x009F      	MOVWF      ADCON0
;__Lib_ADC_88X.c,19 :: 		
0x01E3	0x1683      	BSF        STATUS, 5
0x01E4	0x179F      	BSF        ADCON1, 7
;__Lib_ADC_88X.c,22 :: 		
0x01E5	0x1283      	BCF        STATUS, 5
0x01E6	0x141F      	BSF        ADCON0, 0
;__Lib_ADC_88X.c,23 :: 		
L_end_ADC_Init:
0x01E7	0x0008      	RETURN
; end of _ADC_Init
_initLCD:
;lcd.c,66 :: 		void initLCD(){
;lcd.c,67 :: 		Lcd_Init();                        // Initialize LCD
0x01E8	0x20F0      	CALL       _Lcd_Init
;lcd.c,68 :: 		Lcd_Cmd(_LCD_CLEAR);               // Clear display
0x01E9	0x3001      	MOVLW      1
0x01EA	0x1683      	BSF        STATUS, 5
0x01EB	0x00AB      	MOVWF      FARG_Lcd_Cmd_out_char
0x01EC	0x2060      	CALL       _Lcd_Cmd
;lcd.c,69 :: 		Lcd_Cmd(_LCD_CURSOR_OFF);          // Cursor off
0x01ED	0x300C      	MOVLW      12
0x01EE	0x1683      	BSF        STATUS, 5
0x01EF	0x00AB      	MOVWF      FARG_Lcd_Cmd_out_char
0x01F0	0x2060      	CALL       _Lcd_Cmd
;lcd.c,70 :: 		initLCDRaws();
0x01F1	0x2148      	CALL       _initLCDRaws
;lcd.c,71 :: 		}
L_end_initLCD:
0x01F2	0x0008      	RETURN
; end of _initLCD
_main:
0x01F3	0x1283      	BCF        STATUS, 5
0x01F4	0x1303      	BCF        STATUS, 6
0x01F5	0x01A1      	CLRF       _dispUpdateCount
0x01F6	0x01A2      	CLRF       34
0x01F7	0x3057      	MOVLW      87
0x01F8	0x00A3      	MOVWF      ?lstr1_SolarTimer
0x01F9	0x3065      	MOVLW      101
0x01FA	0x00A4      	MOVWF      36
0x01FB	0x306C      	MOVLW      108
0x01FC	0x00A5      	MOVWF      37
0x01FD	0x3063      	MOVLW      99
0x01FE	0x00A6      	MOVWF      38
0x01FF	0x306F      	MOVLW      111
0x0200	0x00A7      	MOVWF      39
0x0201	0x306D      	MOVLW      109
0x0202	0x00A8      	MOVWF      40
0x0203	0x3065      	MOVLW      101
0x0204	0x00A9      	MOVWF      41
0x0205	0x01AA      	CLRF       42
0x0206	0x01AB      	CLRF       _pgmStatus
;SolarTimer.c,45 :: 		void main() {
;SolarTimer.c,50 :: 		lastTimeCheckValue = 0;
0x0207	0x01EB      	CLRF       _lastTimeCheckValue
0x0208	0x01EC      	CLRF       _lastTimeCheckValue+1
;SolarTimer.c,52 :: 		ansel  = 7;
0x0209	0x3007      	MOVLW      7
0x020A	0x1683      	BSF        STATUS, 5
0x020B	0x1703      	BSF        STATUS, 6
0x020C	0x0088      	MOVWF      ANSEL
;SolarTimer.c,53 :: 		anselh  = 0;
0x020D	0x0189      	CLRF       ANSELH
;SolarTimer.c,54 :: 		trisb = 0;
0x020E	0x0186      	CLRF       TRISB
;SolarTimer.c,55 :: 		trisd = 0;
0x020F	0x1303      	BCF        STATUS, 6
0x0210	0x0188      	CLRF       TRISD
;SolarTimer.c,56 :: 		ADC_Init();
0x0211	0x21D6      	CALL       _ADC_Init
;SolarTimer.c,57 :: 		initLCD();
0x0212	0x21E8      	CALL       _initLCD
;SolarTimer.c,58 :: 		InitRTC();
0x0213	0x21AD      	CALL       _InitRTC
;SolarTimer.c,59 :: 		initTmr1();
0x0214	0x21B3      	CALL       _initTmr1
;SolarTimer.c,60 :: 		menuPortPinInt();
0x0215	0x21C2      	CALL       _menuPortPinInt
;SolarTimer.c,62 :: 		shouldLoadDisp = 1;
0x0216	0x1283      	BCF        STATUS, 5
0x0217	0x142B      	BSF        _pgmStatus, 0
;SolarTimer.c,63 :: 		Lcd_Out(1,1,"Welcome");
0x0218	0x3001      	MOVLW      1
0x0219	0x1683      	BSF        STATUS, 5
0x021A	0x00A3      	MOVWF      FARG_Lcd_Out_row
0x021B	0x3001      	MOVLW      1
0x021C	0x00A4      	MOVWF      FARG_Lcd_Out_column
0x021D	0x3023      	MOVLW      ?lstr1_SolarTimer
0x021E	0x00A5      	MOVWF      FARG_Lcd_Out_text
0x021F	0x216A      	CALL       _Lcd_Out
;SolarTimer.c,64 :: 		while(1);
L_main2:
0x0220	0x2A20      	GOTO       L_main2
;SolarTimer.c,108 :: 		}
L_end_main:
0x0221	0x2A21      	GOTO       $+0
; end of _main
;lcd.c,0 :: ?lstr_2_lcd
0x0222	0x3430 ;?lstr_2_lcd+0
0x0223	0x3430 ;?lstr_2_lcd+1
0x0224	0x342F ;?lstr_2_lcd+2
0x0225	0x3430 ;?lstr_2_lcd+3
0x0226	0x3430 ;?lstr_2_lcd+4
0x0227	0x342F ;?lstr_2_lcd+5
0x0228	0x3430 ;?lstr_2_lcd+6
0x0229	0x3430 ;?lstr_2_lcd+7
0x022A	0x3420 ;?lstr_2_lcd+8
0x022B	0x3430 ;?lstr_2_lcd+9
0x022C	0x3430 ;?lstr_2_lcd+10
0x022D	0x342E ;?lstr_2_lcd+11
0x022E	0x3430 ;?lstr_2_lcd+12
0x022F	0x3441 ;?lstr_2_lcd+13
0x0230	0x3420 ;?lstr_2_lcd+14
0x0231	0x3420 ;?lstr_2_lcd+15
0x0232	0x3400 ;?lstr_2_lcd+16
; end of ?lstr_2_lcd
;lcd.c,0 :: ?lstr_1_lcd
0x0233	0x3430 ;?lstr_1_lcd+0
0x0234	0x3430 ;?lstr_1_lcd+1
0x0235	0x343A ;?lstr_1_lcd+2
0x0236	0x3430 ;?lstr_1_lcd+3
0x0237	0x3430 ;?lstr_1_lcd+4
0x0238	0x343A ;?lstr_1_lcd+5
0x0239	0x3430 ;?lstr_1_lcd+6
0x023A	0x3430 ;?lstr_1_lcd+7
0x023B	0x3420 ;?lstr_1_lcd+8
0x023C	0x3430 ;?lstr_1_lcd+9
0x023D	0x3430 ;?lstr_1_lcd+10
0x023E	0x3430 ;?lstr_1_lcd+11
0x023F	0x3420 ;?lstr_1_lcd+12
0x0240	0x3454 ;?lstr_1_lcd+13
0x0241	0x3455 ;?lstr_1_lcd+14
0x0242	0x3445 ;?lstr_1_lcd+15
0x0243	0x3400 ;?lstr_1_lcd+16
; end of ?lstr_1_lcd
Symbol List:
//** Routines locations **
//ADDRESS    SIZE    PROCEDURE
//----------------------------------------------
0x0004      [35]    _interrupt
0x0027       [7]    _Delay_50us
0x002E      [13]    _Delay_5500us
0x003B       [3]    _Delay_1us
0x003E       [7]    _____DoICP
0x0045      [27]    _strcpy
0x0060      [87]    _Lcd_Cmd
0x00B7      [57]    _codetxt_to_ramtxt
0x00F0      [78]    _Lcd_Init
0x013E      [10]    _I2C1_Init
0x0148      [25]    _initLCDRaws
0x0161       [9]    _Lcd_Chr_CP
0x016A      [67]    _Lcd_Out
0x01AD       [6]    _InitRTC
0x01B3      [15]    _initTmr1
0x01C2       [8]    _menuPortPinInt
0x01CA      [12]    ___CC2DW
0x01D6      [18]    _ADC_Init
0x01E8      [11]    _initLCD
0x01F3      [47]    _main
//** Variables locations ** 
//ADDRESS    SIZE    VARIABLE
//----------------------------------------------
0x0000       [1]    INDF
0x0002       [1]    PCL
0x0003       [1]    STATUS
0x0004       [1]    FSR
0x0006       [0]    RB5_bit
0x0006       [0]    RB2_bit
0x0006       [0]    LCD_D7
0x0006       [0]    RB4_bit
0x0006       [0]    LCD_D6
0x0006       [0]    RB3_bit
0x0006       [0]    LCD_D5
0x0006       [0]    RB1_bit
0x0006       [0]    LCD_D4
0x0006       [0]    RB0_bit
0x0006       [0]    LCD_EN
0x0006       [0]    LCD_RS
0x0007       [1]    PORTC
0x000A       [1]    PCLATH
0x000B       [1]    INTCON
0x000C       [1]    PIR1
0x000E       [1]    TMR1L
0x000F       [1]    TMR1H
0x0010       [1]    T1CON
0x0014       [1]    SSPCON
0x001F       [1]    ADCON0
0x0021       [2]    _dispUpdateCount
0x0023       [8]    ?lstr1_SolarTimer
0x002B       [1]    _pgmStatus
0x002B       [0]    _shouldLoadDisp
0x002C       [2]    ___DoICPAddr
0x002E       [1]    ___saveSTATUS
0x002F      [17]    _lcdrow2
0x0040      [17]    _lcdrow1
0x0051       [1]    ___savePCLATH
0x0052       [3]    _ADC_Get_Sample_Ptr
0x0055       [1]    _minute
0x0056      [20]    codetxt_to_ramtxt_txt_L0
0x006A       [0]    __Lib_Lcd_cmd_status
0x006B       [2]    _lastTimeCheckValue
0x006D       [1]    _hour
0x006E       [1]    _dday
0x006F       [1]    main_index_L0
0x0070       [1]    R0
0x0071       [1]    R1
0x0072       [1]    R2
0x0073       [1]    R3
0x0074       [1]    R4
0x0075       [1]    R5
0x0076       [1]    R6
0x0077       [1]    R7
0x0078       [1]    R8
0x0079       [1]    R9
0x007A       [1]    R10
0x007B       [1]    R11
0x007C       [1]    R12
0x007D       [1]    R13
0x007E       [1]    R14
0x007F       [1]    R15
0x0086       [0]    TRISB3_bit
0x0086       [0]    LCD_RS_Direction
0x0086       [0]    TRISB5_bit
0x0086       [0]    TRISB4_bit
0x0086       [0]    LCD_EN_Direction
0x0086       [1]    TRISB
0x0086       [0]    LCD_D4_Direction
0x0086       [0]    LCD_D7_Direction
0x0086       [0]    LCD_D6_Direction
0x0086       [0]    TRISB0_bit
0x0086       [0]    LCD_D5_Direction
0x0086       [0]    TRISB2_bit
0x0086       [0]    TRISB1_bit
0x0087       [1]    TRISC
0x0087       [0]    TRISC4_bit
0x0087       [0]    TRISC3_bit
0x0088       [1]    TRISD
0x008C       [1]    PIE1
0x0093       [1]    SSPADD
0x0094       [1]    SSPSTAT
0x009F       [1]    ADCON1
0x00A0       [0]    _shouldON
0x00A0       [2]    _editValue
0x00A0       [0]    _isEnabled
0x00A2       [1]    main_tmp_L0
0x00A3       [1]    FARG_Lcd_Out_row
0x00A4       [1]    FARG_Lcd_Out_column
0x00A5       [1]    FARG_Lcd_Out_text
0x00A6       [1]    Lcd_Out_i_L0
0x00A7       [1]    FARG_Lcd_Chr_CP_out_char
0x00A7       [4]    FARG_I2C1_Init_clock
0x00AB       [1]    FARG_Lcd_Cmd_out_char
0x00AB       [2]    FARG_codetxt_to_ramtxt_ctxt
0x00AB       [1]    FARG_strcpy_to
0x00AC       [1]    FARG_strcpy_from
0x0188       [1]    ANSEL
0x0189       [1]    ANSELH
//** Constants locations ** 
//ADDRESS    SIZE    CONSTANT
//----------------------------------------------
0x0222      [17]    ?lstr_2_lcd
0x0233      [17]    ?lstr_1_lcd
